[debug] [2020-05-12T17:35:17.534Z] ----------------------------------------------------------------------
[debug] [2020-05-12T17:35:17.536Z] Command:       /usr/local/Cellar/node/13.11.0/bin/node /usr/local/bin/firebase deploy --only hosting:famtrack
[debug] [2020-05-12T17:35:17.536Z] CLI Version:   8.2.0
[debug] [2020-05-12T17:35:17.536Z] Platform:      darwin
[debug] [2020-05-12T17:35:17.536Z] Node Version:  v13.11.0
[debug] [2020-05-12T17:35:17.544Z] Time:          Tue May 12 2020 13:35:17 GMT-0400 (Atlantic Standard Time)
[debug] [2020-05-12T17:35:17.545Z] ----------------------------------------------------------------------
[debug] [2020-05-12T17:35:17.545Z] 
[debug] [2020-05-12T17:35:17.556Z] > command requires scopes: ["email","openid","https://www.googleapis.com/auth/cloudplatformprojects.readonly","https://www.googleapis.com/auth/firebase","https://www.googleapis.com/auth/cloud-platform"]
[debug] [2020-05-12T17:35:17.557Z] > authorizing via signed-in user
[debug] [2020-05-12T17:35:17.559Z] [iam] checking project fam-track-d6660 for permissions ["firebase.projects.get","firebasehosting.sites.update"]
[debug] [2020-05-12T17:35:17.563Z] >>> HTTP REQUEST POST https://cloudresourcemanager.googleapis.com/v1/projects/fam-track-d6660:testIamPermissions  
 {"permissions":["firebase.projects.get","firebasehosting.sites.update"]}
[debug] [2020-05-12T17:35:18.050Z] <<< HTTP RESPONSE 200 {"content-type":"application/json; charset=UTF-8","vary":"X-Origin, Referer, Origin,Accept-Encoding","date":"Tue, 12 May 2020 17:35:18 GMT","server":"ESF","cache-control":"private","x-xss-protection":"0","x-frame-options":"SAMEORIGIN","x-content-type-options":"nosniff","server-timing":"gfet4t7; dur=147","alt-svc":"h3-27=\":443\"; ma=2592000,h3-25=\":443\"; ma=2592000,h3-Q050=\":443\"; ma=2592000,h3-Q049=\":443\"; ma=2592000,h3-Q048=\":443\"; ma=2592000,h3-Q046=\":443\"; ma=2592000,h3-Q043=\":443\"; ma=2592000,quic=\":443\"; ma=2592000; v=\"46,43\"","accept-ranges":"none","transfer-encoding":"chunked"}
[debug] [2020-05-12T17:35:18.053Z] >>> HTTP REQUEST GET https://firebase.googleapis.com/v1beta1/projects/fam-track-d6660  
 
[debug] [2020-05-12T17:35:18.463Z] <<< HTTP RESPONSE 200 {"content-type":"application/json; charset=UTF-8","vary":"X-Origin, Referer, Origin,Accept-Encoding","date":"Tue, 12 May 2020 17:35:19 GMT","server":"ESF","cache-control":"private","x-xss-protection":"0","x-frame-options":"SAMEORIGIN","x-content-type-options":"nosniff","alt-svc":"h3-27=\":443\"; ma=2592000,h3-25=\":443\"; ma=2592000,h3-Q050=\":443\"; ma=2592000,h3-Q049=\":443\"; ma=2592000,h3-Q048=\":443\"; ma=2592000,h3-Q046=\":443\"; ma=2592000,h3-Q043=\":443\"; ma=2592000,quic=\":443\"; ma=2592000; v=\"46,43\"","accept-ranges":"none","transfer-encoding":"chunked"}
[debug] [2020-05-12T17:35:18.695Z] TypeError [ERR_INVALID_ARG_TYPE]: The "path" argument must be of type string. Received undefined
    at validateString (internal/validators.js:120:11)
    at Object.join (path.js:1039:7)
    at Object.checkFunctionsSDKVersion [as fn] (/usr/local/lib/node_modules/firebase-tools/lib/checkFirebaseSDKVersion.js:33:28)
    at Command.<anonymous> (/usr/local/lib/node_modules/firebase-tools/lib/command.js:159:30)
    at Generator.next (<anonymous>)
    at fulfilled (/usr/local/lib/node_modules/firebase-tools/lib/command.js:5:58)
    at processTicksAndRejections (internal/process/task_queues.js:97:5)
[error] 
[error] Error: An unexpected error has occurred.
[debug] [2020-05-12T17:35:43.626Z] ----------------------------------------------------------------------
[debug] [2020-05-12T17:35:43.635Z] Command:       /usr/local/Cellar/node/13.11.0/bin/node /usr/local/bin/firebase deploy --only hosting:famtrack
[debug] [2020-05-12T17:35:43.635Z] CLI Version:   8.2.0
[debug] [2020-05-12T17:35:43.635Z] Platform:      darwin
[debug] [2020-05-12T17:35:43.635Z] Node Version:  v13.11.0
[debug] [2020-05-12T17:35:43.637Z] Time:          Tue May 12 2020 13:35:43 GMT-0400 (Atlantic Standard Time)
[debug] [2020-05-12T17:35:43.638Z] ----------------------------------------------------------------------
[debug] [2020-05-12T17:35:43.638Z] 
[debug] [2020-05-12T17:35:43.657Z] > command requires scopes: ["email","openid","https://www.googleapis.com/auth/cloudplatformprojects.readonly","https://www.googleapis.com/auth/firebase","https://www.googleapis.com/auth/cloud-platform"]
[debug] [2020-05-12T17:35:43.657Z] > authorizing via signed-in user
[debug] [2020-05-12T17:35:43.658Z] [iam] checking project fam-track-d6660 for permissions ["firebase.projects.get","firebasehosting.sites.update"]
[debug] [2020-05-12T17:35:43.669Z] >>> HTTP REQUEST POST https://cloudresourcemanager.googleapis.com/v1/projects/fam-track-d6660:testIamPermissions  
 {"permissions":["firebase.projects.get","firebasehosting.sites.update"]}
[debug] [2020-05-12T17:35:44.096Z] <<< HTTP RESPONSE 200 {"content-type":"application/json; charset=UTF-8","vary":"X-Origin, Referer, Origin,Accept-Encoding","date":"Tue, 12 May 2020 17:35:44 GMT","server":"ESF","cache-control":"private","x-xss-protection":"0","x-frame-options":"SAMEORIGIN","x-content-type-options":"nosniff","server-timing":"gfet4t7; dur=160","alt-svc":"h3-27=\":443\"; ma=2592000,h3-25=\":443\"; ma=2592000,h3-Q050=\":443\"; ma=2592000,h3-Q049=\":443\"; ma=2592000,h3-Q048=\":443\"; ma=2592000,h3-Q046=\":443\"; ma=2592000,h3-Q043=\":443\"; ma=2592000,quic=\":443\"; ma=2592000; v=\"46,43\"","accept-ranges":"none","transfer-encoding":"chunked"}
[debug] [2020-05-12T17:35:44.098Z] >>> HTTP REQUEST GET https://firebase.googleapis.com/v1beta1/projects/fam-track-d6660  
 
[debug] [2020-05-12T17:35:44.463Z] <<< HTTP RESPONSE 200 {"content-type":"application/json; charset=UTF-8","vary":"X-Origin, Referer, Origin,Accept-Encoding","date":"Tue, 12 May 2020 17:35:45 GMT","server":"ESF","cache-control":"private","x-xss-protection":"0","x-frame-options":"SAMEORIGIN","x-content-type-options":"nosniff","alt-svc":"h3-27=\":443\"; ma=2592000,h3-25=\":443\"; ma=2592000,h3-Q050=\":443\"; ma=2592000,h3-Q049=\":443\"; ma=2592000,h3-Q048=\":443\"; ma=2592000,h3-Q046=\":443\"; ma=2592000,h3-Q043=\":443\"; ma=2592000,quic=\":443\"; ma=2592000; v=\"46,43\"","accept-ranges":"none","transfer-encoding":"chunked"}
[debug] [2020-05-12T17:35:44.704Z] TypeError [ERR_INVALID_ARG_TYPE]: The "path" argument must be of type string. Received undefined
    at validateString (internal/validators.js:120:11)
    at Object.join (path.js:1039:7)
    at Object.checkFunctionsSDKVersion [as fn] (/usr/local/lib/node_modules/firebase-tools/lib/checkFirebaseSDKVersion.js:33:28)
    at Command.<anonymous> (/usr/local/lib/node_modules/firebase-tools/lib/command.js:159:30)
    at Generator.next (<anonymous>)
    at fulfilled (/usr/local/lib/node_modules/firebase-tools/lib/command.js:5:58)
    at processTicksAndRejections (internal/process/task_queues.js:97:5)
[error] 
[error] Error: An unexpected error has occurred.
